<?xml version="1.0" encoding="UTF-8"?>
<!-- Generated by org.testng.reporters.JUnitReportReporter -->
<testsuite hostname="LAPTOP-RORK2UUF" failures="0" tests="5" name="testcases.InventoryPageTestFM01" time="46.051" errors="0" timestamp="2024-05-01T16:39:39 IST" skipped="0">
  <testcase classname="testcases.InventoryPageTestFM01" name="verifyClickOnCartIconTest" time="9.000"/>
  <system-out/>
  <testcase classname="testcases.InventoryPageTestFM01" name="remove4ProductTest" time="9.655"/>
  <system-out/>
  <testcase classname="testcases.InventoryPageTestFM01" name="verifyTwitterLogoTest" time="8.897"/>
  <system-out/>
  <testcase classname="testcases.InventoryPageTestFM01" name="verifyAdd6ProductTest" time="9.412"/>
  <system-out/>
  <testcase classname="testcases.InventoryPageTestFM01" name="verifyTitleTestIP" time="9.087"/>
  <system-out/>
</testsuite> <!-- testcases.InventoryPageTestFM01 -->
