<?xml version="1.0" encoding="UTF-8"?>
<!-- Generated by org.testng.reporters.JUnitReportReporter -->
<testsuite hostname="LAPTOP-RORK2UUF" failures="0" tests="3" name="testcases.CheckOutPage01Test" time="16.044" errors="0" timestamp="2024-05-25T20:20:33 IST" skipped="0">
  <testcase classname="testcases.CheckOutPage01Test" name="verifyPageLableTest" time="5.895"/>
  <system-out/>
  <testcase classname="testcases.CheckOutPage01Test" name="verifyContinueBtnTest" time="4.987"/>
  <system-out/>
  <testcase classname="testcases.CheckOutPage01Test" name="verifyClickOnCancelBtnTest" time="5.162"/>
  <system-out/>
</testsuite> <!-- testcases.CheckOutPage01Test -->
