<?xml version="1.0" encoding="UTF-8"?>
<!-- Generated by org.testng.reporters.JUnitReportReporter -->
<testsuite hostname="LAPTOP-RORK2UUF" failures="0" tests="3" name="testcases.CartPageTestFM01" time="16.649" errors="0" timestamp="2024-05-30T17:59:39 IST" skipped="0">
  <testcase classname="testcases.CartPageTestFM01" name="verifyClickOnCheckoutBtnTest" time="5.875"/>
  <system-out/>
  <testcase classname="testcases.CartPageTestFM01" name="verifyContinueShoppingBtnTest" time="5.459"/>
  <system-out/>
  <testcase classname="testcases.CartPageTestFM01" name="verifyCartPageLableTest" time="5.315"/>
  <system-out/>
</testsuite> <!-- testcases.CartPageTestFM01 -->
