<?xml version="1.0" encoding="UTF-8"?>
<!-- Generated by org.testng.reporters.JUnitReportReporter -->
<testsuite hostname="LAPTOP-RORK2UUF" failures="0" tests="7" name="testcases.CheckOutPage02Test" time="39.141" errors="0" timestamp="2024-05-25T20:20:07 IST" skipped="0">
  <testcase classname="testcases.CheckOutPage02Test" name="paymentInfoLableTest" time="4.980"/>
  <system-out/>
  <testcase classname="testcases.CheckOutPage02Test" name="paymentInfoValueTest" time="4.935"/>
  <system-out/>
  <testcase classname="testcases.CheckOutPage02Test" name="finishBtnTest" time="7.093"/>
  <system-out/>
  <testcase classname="testcases.CheckOutPage02Test" name="verifyPageLableTest" time="6.958"/>
  <system-out/>
  <testcase classname="testcases.CheckOutPage02Test" name="cancelBtnTest" time="5.029"/>
  <system-out/>
  <testcase classname="testcases.CheckOutPage02Test" name="shippingInfoLableTest" time="5.140"/>
  <system-out/>
  <testcase classname="testcases.CheckOutPage02Test" name="priceTotalLableTest" time="5.006"/>
  <system-out/>
</testsuite> <!-- testcases.CheckOutPage02Test -->
