<?xml version="1.0" encoding="UTF-8"?>
<!-- Generated by org.testng.reporters.JUnitReportReporter -->
<testsuite hostname="LAPTOP-RORK2UUF" failures="0" tests="5" name="testcases.InventoryPageTestFM01" time="37.216" errors="0" timestamp="2024-05-30T17:59:39 IST" skipped="0">
  <testcase classname="testcases.InventoryPageTestFM01" name="verifyClickOnCartIconTest" time="7.265"/>
  <system-out/>
  <testcase classname="testcases.InventoryPageTestFM01" name="remove4ProductTest" time="7.862"/>
  <system-out/>
  <testcase classname="testcases.InventoryPageTestFM01" name="verifyTwitterLogoTest" time="7.216"/>
  <system-out/>
  <testcase classname="testcases.InventoryPageTestFM01" name="verifyAdd6ProductTest" time="7.223"/>
  <system-out/>
  <testcase classname="testcases.InventoryPageTestFM01" name="verifyTitleTestIP" time="7.650"/>
  <system-out/>
</testsuite> <!-- testcases.InventoryPageTestFM01 -->
