<?xml version="1.0" encoding="UTF-8"?>
<!-- Generated by org.testng.reporters.JUnitReportReporter -->
<testsuite hostname="LAPTOP-RORK2UUF" failures="0" tests="3" name="testcases.CartPageTestFM01" time="23.065" errors="0" timestamp="2024-05-01T16:39:39 IST" skipped="0">
  <testcase classname="testcases.CartPageTestFM01" name="verifyClickOnCheckoutBtnTest" time="8.194"/>
  <system-out/>
  <testcase classname="testcases.CartPageTestFM01" name="verifyContinueShoppingBtnTest" time="7.365"/>
  <system-out/>
  <testcase classname="testcases.CartPageTestFM01" name="verifyCartPageLableTest" time="7.506"/>
  <system-out/>
</testsuite> <!-- testcases.CartPageTestFM01 -->
