<?xml version="1.0" encoding="UTF-8"?>
<!-- Generated by org.testng.reporters.JUnitReportReporter -->
<testsuite hostname="LAPTOP-RORK2UUF" failures="0" tests="5" name="testcases.InventoryPageTestFM01" time="35.445" errors="0" timestamp="2024-05-25T20:21:17 IST" skipped="0">
  <testcase classname="testcases.InventoryPageTestFM01" name="verifyClickOnCartIconTest" time="7.478"/>
  <system-out/>
  <testcase classname="testcases.InventoryPageTestFM01" name="remove4ProductTest" time="6.825"/>
  <system-out/>
  <testcase classname="testcases.InventoryPageTestFM01" name="verifyTwitterLogoTest" time="6.509"/>
  <system-out/>
  <testcase classname="testcases.InventoryPageTestFM01" name="verifyAdd6ProductTest" time="6.796"/>
  <system-out/>
  <testcase classname="testcases.InventoryPageTestFM01" name="verifyTitleTestIP" time="7.837"/>
  <system-out/>
</testsuite> <!-- testcases.InventoryPageTestFM01 -->
