<?xml version="1.0" encoding="UTF-8"?>
<!-- Generated by org.testng.reporters.JUnitReportReporter -->
<testsuite hostname="LAPTOP-RORK2UUF" failures="0" tests="3" name="testcases.LoginPageTestFM01" time="20.532" errors="0" timestamp="2024-05-01T16:49:35 IST" skipped="0">
  <testcase classname="testcases.LoginPageTestFM01" name="verifyUrlTest" time="7.664"/>
  <system-out/>
  <testcase classname="testcases.LoginPageTestFM01" name="verifyTitleTest" time="5.733"/>
  <system-out/>
  <testcase classname="testcases.LoginPageTestFM01" name="verifyLoginToApplicationTest" time="7.135"/>
  <system-out/>
</testsuite> <!-- testcases.LoginPageTestFM01 -->
