<?xml version="1.0" encoding="UTF-8"?>
<!-- Generated by org.testng.reporters.JUnitReportReporter -->
<testsuite hostname="LAPTOP-RORK2UUF" failures="0" tests="3" name="testcases.LoginPageTestFM01" time="22.057" errors="0" timestamp="2024-05-25T20:16:18 IST" skipped="0">
  <testcase classname="testcases.LoginPageTestFM01" name="verifyUrlTest" time="5.137"/>
  <system-out/>
  <testcase classname="testcases.LoginPageTestFM01" name="verifyTitleTest" time="4.414"/>
  <system-out/>
  <testcase classname="testcases.LoginPageTestFM01" name="verifyLoginToApplicationTest" time="12.506"/>
  <system-out/>
</testsuite> <!-- testcases.LoginPageTestFM01 -->
