<?xml version="1.0" encoding="UTF-8"?>
<!-- Generated by org.testng.reporters.JUnitReportReporter -->
<testsuite hostname="LAPTOP-RORK2UUF" failures="0" tests="3" name="testcases.CheckOutPage01Test" time="26.262" errors="0" timestamp="2024-05-01T16:39:39 IST" skipped="0">
  <testcase classname="testcases.CheckOutPage01Test" name="verifyClickOnCancelBtnTest" time="8.448"/>
  <system-out/>
  <testcase classname="testcases.CheckOutPage01Test" name="verifyPageLableTest" time="10.055"/>
  <system-out/>
  <testcase classname="testcases.CheckOutPage01Test" name="verifyContinueBtnTest" time="7.759"/>
  <system-out/>
</testsuite> <!-- testcases.CheckOutPage01Test -->
