<?xml version="1.0" encoding="UTF-8"?>
<!-- Generated by org.testng.reporters.JUnitReportReporter -->
<testsuite hostname="LAPTOP-RORK2UUF" failures="0" tests="7" name="testcases.CheckOutPage02Test" time="44.217" errors="0" timestamp="2024-05-30T17:59:39 IST" skipped="0">
  <testcase classname="testcases.CheckOutPage02Test" name="shippingInfoLableTest" time="6.191"/>
  <system-out/>
  <testcase classname="testcases.CheckOutPage02Test" name="verifyPageLableTest" time="6.931"/>
  <system-out/>
  <testcase classname="testcases.CheckOutPage02Test" name="priceTotalLableTest" time="5.971"/>
  <system-out/>
  <testcase classname="testcases.CheckOutPage02Test" name="finishBtnTest" time="7.063"/>
  <system-out/>
  <testcase classname="testcases.CheckOutPage02Test" name="paymentInfoLableTest" time="5.792"/>
  <system-out/>
  <testcase classname="testcases.CheckOutPage02Test" name="paymentInfoValueTest" time="6.094"/>
  <system-out/>
  <testcase classname="testcases.CheckOutPage02Test" name="cancelBtnTest" time="6.175"/>
  <system-out/>
</testsuite> <!-- testcases.CheckOutPage02Test -->
