<?xml version="1.0" encoding="UTF-8"?>
<!-- Generated by org.testng.reporters.JUnitReportReporter -->
<testsuite hostname="LAPTOP-RORK2UUF" failures="0" tests="7" name="testcases.CheckOutPage02Test" time="57.390" errors="0" timestamp="2024-05-01T16:39:39 IST" skipped="0">
  <testcase classname="testcases.CheckOutPage02Test" name="paymentInfoValueTest" time="7.956"/>
  <system-out/>
  <testcase classname="testcases.CheckOutPage02Test" name="finishBtnTest" time="7.911"/>
  <system-out/>
  <testcase classname="testcases.CheckOutPage02Test" name="shippingInfoLableTest" time="7.919"/>
  <system-out/>
  <testcase classname="testcases.CheckOutPage02Test" name="verifyPageLableTest" time="9.810"/>
  <system-out/>
  <testcase classname="testcases.CheckOutPage02Test" name="paymentInfoLableTest" time="7.874"/>
  <system-out/>
  <testcase classname="testcases.CheckOutPage02Test" name="cancelBtnTest" time="7.970"/>
  <system-out/>
  <testcase classname="testcases.CheckOutPage02Test" name="priceTotalLableTest" time="7.950"/>
  <system-out/>
</testsuite> <!-- testcases.CheckOutPage02Test -->
