<?xml version="1.0" encoding="UTF-8"?>
<!-- Generated by org.testng.reporters.JUnitReportReporter -->
<testsuite hostname="LAPTOP-RORK2UUF" failures="0" tests="5" name="testcases.VerifyLoginPageWithMultipleCredentials" time="45.540" errors="0" timestamp="2024-06-02T20:22:28 IST" skipped="0">
  <testcase classname="testcases.VerifyLoginPageWithMultipleCredentials" name="loginToApplicationMultiCredsTest" time="4.854"/>
  <system-out/>
  <testcase classname="testcases.VerifyLoginPageWithMultipleCredentials" name="loginToApplicationMultiCredsTest" time="5.060"/>
  <system-out/>
  <testcase classname="testcases.VerifyLoginPageWithMultipleCredentials" name="loginToApplicationMultiCredsTest" time="9.850"/>
  <system-out/>
  <testcase classname="testcases.VerifyLoginPageWithMultipleCredentials" name="loginToApplicationMultiCredsTest" time="5.259"/>
  <system-out/>
  <testcase classname="testcases.VerifyLoginPageWithMultipleCredentials" name="loginToApplicationMultiCredsTest" time="20.517"/>
  <system-out/>
</testsuite> <!-- testcases.VerifyLoginPageWithMultipleCredentials -->
