<?xml version="1.0" encoding="UTF-8"?>
<!-- Generated by org.testng.reporters.JUnitReportReporter -->
<testsuite hostname="LAPTOP-RORK2UUF" failures="0" tests="3" name="testcases.CartPageTestFM01" time="17.018" errors="0" timestamp="2024-05-25T20:21:40 IST" skipped="0">
  <testcase classname="testcases.CartPageTestFM01" name="verifyClickOnCheckoutBtnTest" time="6.466"/>
  <system-out/>
  <testcase classname="testcases.CartPageTestFM01" name="verifyContinueShoppingBtnTest" time="4.522"/>
  <system-out/>
  <testcase classname="testcases.CartPageTestFM01" name="verifyCartPageLableTest" time="6.030"/>
  <system-out/>
</testsuite> <!-- testcases.CartPageTestFM01 -->
